2/23/2021 10:10:11 PM	This log contains information about the import schema operation into project 'Practices' on computer 'DESKTOP-CTU2VB9' by user 'ajtortolero'.
2/23/2021 10:10:11 PM	Import of database schema has started.
2/23/2021 10:10:15 PM	Gathering database credentials
2/23/2021 10:10:15 PM	Gathering database options
2/23/2021 10:10:15 PM	Gathering generic database scoped configuration option
2/23/2021 10:10:15 PM	Gathering users
2/23/2021 10:10:15 PM	Gathering roles
2/23/2021 10:10:15 PM	Gathering application roles
2/23/2021 10:10:15 PM	Gathering role memberships
2/23/2021 10:10:15 PM	Gathering filegroups
2/23/2021 10:10:15 PM	Gathering full-text catalogs
2/23/2021 10:10:15 PM	Gathering assemblies
2/23/2021 10:10:15 PM	Gathering certificates
2/23/2021 10:10:15 PM	Gathering asymmetric keys
2/23/2021 10:10:15 PM	Gathering symmetric keys
2/23/2021 10:10:15 PM	Gathering encrypted symmetric keys
2/23/2021 10:10:15 PM	Gathering schemas
2/23/2021 10:10:15 PM	Gathering XML schema collections
2/23/2021 10:10:15 PM	Gathering user-defined data types
2/23/2021 10:10:15 PM	Gathering user-defined types
2/23/2021 10:10:15 PM	Gathering table types
2/23/2021 10:10:15 PM	Gathering unique keys for table types
2/23/2021 10:10:15 PM	Gathering primary keys for table types
2/23/2021 10:10:15 PM	Gathering indexes for table types
2/23/2021 10:10:15 PM	Gathering check constraints for table types
2/23/2021 10:10:15 PM	Gathering default constraints for table types
2/23/2021 10:10:15 PM	Gathering partition functions
2/23/2021 10:10:15 PM	Gathering partition schemes
2/23/2021 10:10:16 PM	Gathering functions
2/23/2021 10:10:16 PM	Gathering encrypted functions
2/23/2021 10:10:16 PM	Gathering aggregates
2/23/2021 10:10:16 PM	Gathering procedures
2/23/2021 10:10:16 PM	Gathering encrypted procedures
2/23/2021 10:10:16 PM	Gathering tables
2/23/2021 10:10:16 PM	Gathering primary keys
2/23/2021 10:10:16 PM	Gathering unique constraints
2/23/2021 10:10:16 PM	Gathering foreign keys
2/23/2021 10:10:16 PM	Gathering default constraints
2/23/2021 10:10:16 PM	Gathering check constraints
2/23/2021 10:10:16 PM	Gathering views
2/23/2021 10:10:16 PM	Gathering encrypted views
2/23/2021 10:10:16 PM	Gathering indexes
2/23/2021 10:10:16 PM	Gathering statistics
2/23/2021 10:10:16 PM	Gathering full-text index stoplists
2/23/2021 10:10:16 PM	Gathering search property lists
2/23/2021 10:10:16 PM	Gathering search properties
2/23/2021 10:10:16 PM	Gathering full-text indexes
2/23/2021 10:10:16 PM	Gathering column store indexes
2/23/2021 10:10:16 PM	Gathering spatial indexes
2/23/2021 10:10:16 PM	Gathering XML indexes
2/23/2021 10:10:16 PM	Gathering Selective XML indexes
2/23/2021 10:10:16 PM	Gathering encrypted triggers
2/23/2021 10:10:16 PM	Gathering triggers
2/23/2021 10:10:16 PM	Gathering encrypted and clr ddl triggers
2/23/2021 10:10:16 PM	Gathering ddl triggers
2/23/2021 10:10:16 PM	Gathering synonyms
2/23/2021 10:10:16 PM	Gathering defaults
2/23/2021 10:10:16 PM	Gathering data constraint uddt bindings
2/23/2021 10:10:16 PM	Gathering rules
2/23/2021 10:10:16 PM	Gathering data constraint uddt bindings
2/23/2021 10:10:16 PM	Gathering message types
2/23/2021 10:10:16 PM	Gathering queues
2/23/2021 10:10:16 PM	Gathering contracts
2/23/2021 10:10:16 PM	Gathering services
2/23/2021 10:10:16 PM	Gathering event notifications
2/23/2021 10:10:16 PM	Gathering remote service bindings
2/23/2021 10:10:16 PM	Gathering broker priorities
2/23/2021 10:10:16 PM	Gathering signatures
2/23/2021 10:10:16 PM	Gathering data compression options
2/23/2021 10:10:16 PM	Gathering sequence types
2/23/2021 10:10:16 PM	Gathering security policies
2/23/2021 10:10:16 PM	Gather column encryption keys
2/23/2021 10:10:16 PM	Gathering column master keys
2/23/2021 10:10:16 PM	Gathering external data sources
2/23/2021 10:10:16 PM	Gathering external file formats
2/23/2021 10:10:16 PM	Gathering external tables
2/23/2021 10:10:16 PM	Gathering extended properties
2/23/2021 10:10:16 PM	Scanning project for duplicate elements
2/23/2021 10:10:16 PM	Finished duplicate element processing
2/23/2021 10:10:16 PM	Finished importing database.
2/23/2021 10:10:16 PM	A summary of the import was saved to the following location: D:\Repositories Developer\GitHub\Backend\angular-net-core-crude-employee\DB\Practices\Practices\Import Schema Logs\Practices_20210224031011.log
2/23/2021 10:10:16 PM	Click Finish to continue...
